2024-08-23T15:13:58.867Z [info]: Connected to database
2024-08-23T15:16:32.112Z [info]: Connected to database
2024-08-23T15:18:56.281Z [info]: 🚀 Server is running on http://localhost:8000
2024-08-23T15:18:56.303Z [info]: Connected to database
2024-08-23T15:26:53.544Z [info]: 🚀 Server is running on http://localhost:8000
2024-08-23T15:26:53.563Z [info]: Connected to database
2024-08-23T15:27:34.719Z [info]: 🚀 Server is running on http://localhost:8000
2024-08-23T15:27:34.746Z [info]: Connected to database
2024-08-23T15:27:45.680Z [info]: 🚀 Server is running on http://localhost:8000
2024-08-23T15:27:45.702Z [info]: Connected to database
2024-08-23T15:28:04.521Z [info]: 🚀 Server is running on http://localhost:8000
2024-08-23T15:28:04.546Z [info]: Connected to database
2024-08-23T15:31:01.361Z [info]: 🚀 Server is running on http://localhost:8000
2024-08-23T15:31:01.380Z [info]: Connected to database
2024-08-23T15:38:18.965Z [info]: 🚀 Server is running on http://localhost:8000
2024-08-23T15:38:18.982Z [info]: Connected to database
2024-08-23T15:39:58.045Z [info]: 🚀 Server is running on http://localhost:8000
2024-08-23T15:39:58.067Z [info]: Connected to database
2024-08-23T15:40:09.508Z [info]: 🚀 Server is running on http://localhost:8000
2024-08-23T15:40:09.528Z [info]: Connected to database
2024-08-23T15:40:59.217Z [info]: 🚀 Server is running on http://localhost:8000
2024-08-23T15:40:59.236Z [info]: Connected to database
2024-08-23T15:41:05.291Z [info]: 🚀 Server is running on http://localhost:8000
2024-08-23T15:41:05.314Z [info]: Connected to database
2024-08-23T15:41:17.304Z [info]: 🚀 Server is running on http://localhost:8000
2024-08-23T15:41:17.329Z [info]: Connected to database
2024-08-23T15:43:04.781Z [info]: 🚀 Server is running on http://localhost:8000
2024-08-23T15:43:04.808Z [info]: Connected to database
2024-08-23T15:45:01.764Z [info]: 🚀 Server is running on http://localhost:8000
2024-08-23T15:45:01.784Z [info]: Connected to database
2024-08-23T15:45:14.946Z [info]: 🚀 Server is running on http://localhost:8000
2024-08-23T15:45:14.965Z [info]: Connected to database
2024-08-23T15:45:27.194Z [info]: 🚀 Server is running on http://localhost:8000
2024-08-23T15:45:27.210Z [info]: Connected to database
2024-08-23T15:45:38.779Z [info]: 🚀 Server is running on http://localhost:8000
2024-08-23T15:45:38.799Z [info]: Connected to database
2024-08-23T15:45:42.775Z [info]: 🚀 Server is running on http://localhost:8000
2024-08-23T15:45:42.793Z [info]: Connected to database
2024-08-23T15:45:47.708Z [info]: 🚀 Server is running on http://localhost:8000
2024-08-23T15:45:47.724Z [info]: Connected to database
2024-08-23T15:46:49.913Z [info]: 🚀 Server is running on http://localhost:8000
2024-08-23T15:46:49.931Z [info]: Connected to database
2024-08-23T15:48:38.303Z [info]: 🚀 Server is running on http://localhost:8000
2024-08-23T15:48:38.324Z [info]: Connected to database
2024-08-23T15:50:55.602Z [info]: 🚀 Server is running on http://localhost:8000
2024-08-23T15:50:55.641Z [info]: Connected to database
2024-08-23T15:51:24.153Z [info]: 🚀 Server is running on http://localhost:8000
2024-08-23T15:51:24.177Z [info]: Connected to database
2024-08-23T15:51:29.626Z [info]: 🚀 Server is running on http://localhost:8000
2024-08-23T15:51:29.652Z [info]: Connected to database
2024-08-23T15:52:08.854Z [info]: 🚀 Server is running on http://localhost:8000
2024-08-23T15:52:08.889Z [info]: Connected to database
2024-08-23T15:53:29.846Z [info]: 🚀 Server is running on http://localhost:8000
2024-08-23T15:53:29.876Z [info]: Connected to database
2024-08-23T15:53:34.337Z [info]: 🚀 Server is running on http://localhost:8000
2024-08-23T15:53:34.447Z [info]: Connected to database
2024-08-23T15:53:38.763Z [info]: 🚀 Server is running on http://localhost:8000
2024-08-23T15:53:38.782Z [info]: Connected to database
2024-08-23T15:55:19.636Z [info]: 🚀 Server is running on http://localhost:8000
2024-08-23T15:55:19.674Z [info]: Connected to database
2024-08-23T15:55:58.432Z [info]: 🚀 Server is running on http://localhost:8000
2024-08-23T15:55:58.477Z [info]: Connected to database
2024-08-23T15:56:29.362Z [info]: 🚀 Server is running on http://localhost:8000
2024-08-23T15:56:29.399Z [info]: Connected to database
2024-08-23T15:56:58.659Z [info]: 🚀 Server is running on http://localhost:8000
2024-08-23T15:56:58.695Z [info]: Connected to database
2024-08-23T15:58:04.020Z [info]: 🚀 Server is running on http://localhost:8000
2024-08-23T15:58:04.053Z [info]: Connected to database
2024-08-23T15:58:28.578Z [info]: 🚀 Server is running on http://localhost:8000
2024-08-23T15:58:28.614Z [info]: Connected to database
2024-08-23T15:59:28.314Z [info]: 🚀 Server is running on http://localhost:8000
2024-08-23T15:59:28.356Z [info]: Connected to database
2024-08-23T15:59:54.416Z [info]: 🚀 Server is running on http://localhost:8000
2024-08-23T15:59:54.450Z [info]: Connected to database
2024-08-23T16:00:24.583Z [info]: 🚀 Server is running on http://localhost:8000
2024-08-23T16:00:24.617Z [info]: Connected to database
2024-08-23T16:02:27.316Z [info]: 🚀 Server is running on http://localhost:3000
2024-08-23T16:02:27.356Z [info]: Connected to database
2024-08-23T16:02:54.532Z [info]: 🚀 Server is running on http://localhost:3000
2024-08-23T16:02:54.574Z [info]: Connected to database
2024-08-23T16:04:04.691Z [info]: 🚀 Server is running on http://localhost:3000
2024-08-23T16:04:04.723Z [info]: Connected to database
2024-08-23T16:06:21.323Z [info]: 🚀 Server is running on http://localhost:3000
2024-08-23T16:06:21.805Z [info]: Connected to database
2024-08-23T16:06:34.888Z [info]: 🚀 Server is running on http://localhost:3000
2024-08-23T16:06:35.409Z [info]: Connected to database
2024-08-23T16:07:32.116Z [info]: 🚀 Server is running on http://localhost:3000
2024-08-23T16:07:33.223Z [info]: Connected to database
2024-08-23T16:08:43.435Z [info]: 🚀 Server is running on http://localhost:3000
2024-08-23T16:08:44.281Z [info]: Connected to database
2024-08-23T16:09:04.225Z [info]: 🚀 Server is running on http://localhost:3000
2024-08-23T16:09:05.203Z [info]: Connected to database
2024-08-23T16:09:38.051Z [info]: 🚀 Server is running on http://localhost:3000
2024-08-23T16:09:39.316Z [info]: Connected to database
2024-08-23T16:09:49.665Z [info]: 🚀 Server is running on http://localhost:3000
2024-08-23T16:09:50.868Z [info]: Connected to database
2024-08-23T16:10:11.346Z [info]: 🚀 Server is running on http://localhost:3000
2024-08-23T16:10:12.231Z [info]: Connected to database
2024-08-23T16:10:55.296Z [info]: 🚀 Server is running on http://localhost:3000
2024-08-23T16:10:56.187Z [info]: Connected to database
2024-08-23T16:11:14.632Z [info]: 🚀 Server is running on http://localhost:3000
2024-08-23T16:11:15.348Z [info]: Connected to database
2024-08-23T16:12:17.628Z [info]: 🚀 Server is running on http://localhost:3000
2024-08-23T16:12:18.491Z [info]: Connected to database
2024-08-23T16:12:59.547Z [info]: 🚀 Server is running on http://localhost:3000
2024-08-23T16:13:00.348Z [info]: Connected to database
2024-08-23T16:13:23.933Z [info]: 🚀 Server is running on http://localhost:3000
2024-08-23T16:13:24.878Z [info]: Connected to database
2024-08-23T16:14:18.269Z [info]: 🚀 Server is running on http://localhost:3000
2024-08-23T16:14:18.811Z [info]: Connected to database
2024-08-23T16:14:30.540Z [info]: 🚀 Server is running on http://localhost:3000
2024-08-23T16:14:30.819Z [info]: Connected to database
2024-08-23T16:17:39.117Z [info]: Connected to database
2024-08-23T16:17:39.324Z [info]: 🚀 Server is running on http://localhost:3000
2024-08-23T16:18:17.972Z [info]: Connected to database
2024-08-23T16:18:18.191Z [info]: 🚀 Server is running on http://localhost:3000
2024-08-23T16:18:35.879Z [info]: Connected to database
2024-08-23T16:18:36.113Z [info]: 🚀 Server is running on http://localhost:3000
2024-08-23T16:19:12.759Z [info]: Connected to database
2024-08-23T16:19:12.972Z [info]: 🚀 Server is running on http://localhost:3000
2024-08-23T16:21:03.995Z [info]: Connected to database
2024-08-23T16:21:04.216Z [info]: 🚀 Server is running on http://localhost:3000
2024-08-23T16:21:29.982Z [info]: Connected to database
2024-08-23T16:21:30.196Z [info]: 🚀 Server is running on http://localhost:3000
2024-08-23T16:21:55.736Z [info]: Connected to database
2024-08-23T16:21:55.959Z [info]: 🚀 Server is running on http://localhost:3000
2024-08-23T16:22:03.982Z [info]: Connected to database
2024-08-23T16:22:04.384Z [info]: 🚀 Server is running on http://localhost:3000
2024-08-23T16:22:24.707Z [info]: Connected to database
2024-08-23T16:22:39.337Z [info]: Connected to database
2024-08-23T16:22:39.554Z [info]: 🚀 Server is running on http://localhost:3000
2024-08-23T16:23:20.608Z [info]: Connected to database
2024-08-23T16:23:21.042Z [info]: 🚀 Server is running on http://localhost:3000
2024-08-23T16:23:36.062Z [info]: Connected to database
2024-08-23T16:23:36.278Z [info]: 🚀 Server is running on http://localhost:3000
2024-08-23T16:24:15.854Z [info]: Connected to database
2024-08-23T16:24:16.073Z [info]: 🚀 Server is running on http://localhost:3000
2024-08-23T16:24:38.090Z [info]: Connected to database
2024-08-23T16:24:38.349Z [info]: 🚀 Server is running on http://localhost:3000
2024-08-23T16:25:07.062Z [info]: Connected to database
2024-08-23T16:25:07.289Z [info]: 🚀 Server is running on http://localhost:3000
2024-08-23T16:27:35.428Z [info]: Connected to database
2024-08-23T16:27:35.623Z [info]: 🚀 Server is running on http://localhost:3000
2024-08-23T16:28:02.338Z [info]: Connected to database
2024-08-23T16:28:02.596Z [info]: 🚀 Server is running on http://localhost:3000
2024-08-23T16:28:28.251Z [info]: Connected to database
2024-08-23T16:28:28.505Z [info]: 🚀 Server is running on http://localhost:3000
2024-08-23T16:28:47.566Z [info]: Connected to database
2024-08-23T16:28:47.913Z [info]: 🚀 Server is running on http://localhost:3000
2024-08-23T16:29:13.509Z [info]: Connected to database
2024-08-23T16:29:13.746Z [info]: 🚀 Server is running on http://localhost:3000
2024-08-23T16:29:19.858Z [info]: Connected to database
2024-08-23T16:29:20.092Z [info]: 🚀 Server is running on http://localhost:3000
2024-08-23T16:30:03.652Z [info]: Connected to database
2024-08-23T16:30:03.878Z [info]: 🚀 Server is running on http://localhost:3000
2024-08-23T16:30:22.959Z [info]: Connected to database
2024-08-23T16:30:23.516Z [info]: 🚀 Server is running on http://localhost:3000
2024-08-23T16:30:37.572Z [info]: Connected to database
2024-08-23T16:30:37.801Z [info]: 🚀 Server is running on http://localhost:3000
2024-08-23T16:31:21.457Z [info]: Connected to database
2024-08-23T16:31:21.784Z [info]: 🚀 Server is running on http://localhost:3000
2024-08-23T16:31:39.890Z [info]: Connected to database
2024-08-23T16:31:54.814Z [info]: Connected to database
2024-08-23T16:31:55.060Z [info]: 🚀 Server is running on http://localhost:3000
2024-08-23T16:32:29.161Z [info]: Connected to database
2024-08-23T16:32:29.392Z [info]: 🚀 Server is running on http://localhost:3000
2024-08-23T16:32:45.205Z [info]: Connected to database
2024-08-23T16:32:45.410Z [info]: 🚀 Server is running on http://localhost:3000
2024-08-23T16:33:06.838Z [info]: Connected to database
2024-08-23T16:33:07.119Z [info]: 🚀 Server is running on http://localhost:3000
2024-08-23T16:33:18.439Z [info]: Connected to database
2024-08-23T16:33:18.712Z [info]: 🚀 Server is running on http://localhost:3000
2024-08-23T16:33:29.555Z [info]: Connected to database
2024-08-23T16:33:29.774Z [info]: 🚀 Server is running on http://localhost:3000
2024-08-23T16:34:04.882Z [info]: Connected to database
2024-08-23T16:34:05.344Z [info]: 🚀 Server is running on http://localhost:3000
2024-08-23T16:34:16.473Z [info]: Connected to database
2024-08-23T16:34:16.820Z [info]: 🚀 Server is running on http://localhost:3000
2024-08-23T16:34:29.938Z [info]: Connected to database
2024-08-23T16:34:30.126Z [info]: 🚀 Server is running on http://localhost:3000
2024-08-23T16:34:45.850Z [info]: Connected to database
2024-08-23T16:34:46.172Z [info]: 🚀 Server is running on http://localhost:3000
2024-08-23T16:34:59.055Z [info]: Connected to database
2024-08-23T16:34:59.293Z [info]: 🚀 Server is running on http://localhost:3000
2024-08-23T16:35:06.319Z [info]: Connected to database
2024-08-23T16:35:06.678Z [info]: 🚀 Server is running on http://localhost:3000
2024-08-23T16:35:53.573Z [info]: Connected to database
2024-08-23T16:35:53.879Z [info]: 🚀 Server is running on http://localhost:3000
2024-08-23T16:36:11.513Z [info]: Connected to database
2024-08-23T16:36:11.876Z [info]: 🚀 Server is running on http://localhost:3000
2024-08-23T16:36:48.358Z [info]: Connected to database
2024-08-23T16:36:48.642Z [info]: 🚀 Server is running on http://localhost:3000
2024-08-23T16:37:26.319Z [info]: Connected to database
2024-08-23T16:37:26.559Z [info]: 🚀 Server is running on http://localhost:3000
2024-08-23T16:37:48.800Z [info]: Connected to database
2024-08-23T16:37:49.046Z [info]: 🚀 Server is running on http://localhost:3000
2024-08-23T16:38:18.366Z [info]: Connected to database
2024-08-23T16:38:18.752Z [error]: Error loading route module auth.ts: TSError: ⨯ Unable to compile TypeScript:
[96msrc/routes/auth.ts[0m:[93m19[0m:[93m1[0m - [91merror[0m[90m TS1005: [0m',' expected.

[7m19[0m }
[7m  [0m [91m~[0m
[96msrc/routes/auth.ts[0m:[93m21[0m:[93m1[0m - [91merror[0m[90m TS1068: [0mUnexpected token. A constructor, method, accessor, or property was expected.

[7m21[0m export default new AuthRoutes().router;
[7m  [0m [91m~~~~~~[0m

2024-08-23T16:38:18.762Z [info]: 🚀 Server is running on http://localhost:3000
2024-08-23T16:38:35.122Z [info]: Connected to database
2024-08-23T16:38:35.346Z [error]: Error loading route module auth.ts: TSError: ⨯ Unable to compile TypeScript:
[96msrc/routes/auth.ts[0m:[93m19[0m:[93m1[0m - [91merror[0m[90m TS1068: [0mUnexpected token. A constructor, method, accessor, or property was expected.

[7m19[0m export default new AuthRoutes().router;
[7m  [0m [91m~~~~~~[0m

2024-08-23T16:38:35.355Z [info]: 🚀 Server is running on http://localhost:3000
2024-08-23T16:39:01.780Z [info]: Connected to database
2024-08-23T16:39:02.203Z [error]: Error loading route module auth.ts: Error: Cannot find module '@/controllers/auth'
Require stack:
- C:\Users\chawa\Desktop\ProJect\authStarter\server\src\routes\auth.ts
- C:\Users\chawa\Desktop\ProJect\authStarter\server\src\index.ts
2024-08-23T16:39:02.212Z [info]: 🚀 Server is running on http://localhost:3000
2024-08-23T16:41:25.442Z [info]: Connected to database
2024-08-23T16:41:25.803Z [error]: Error loading route module auth.ts: Error: Cannot find module '@/controllers/auth'
Require stack:
- C:\Users\chawa\Desktop\ProJect\authStarter\server\src\routes\auth.ts
- C:\Users\chawa\Desktop\ProJect\authStarter\server\src\index.ts
2024-08-23T16:41:25.812Z [info]: 🚀 Server is running on http://localhost:3000
2024-08-23T16:44:04.268Z [info]: Connected to database
2024-08-23T16:44:04.766Z [error]: Error loading route module auth.ts: Error: Cannot find module '@/controllers/auth'
Require stack:
- C:\Users\chawa\Desktop\ProJect\authStarter\server\src\routes\auth.ts
- C:\Users\chawa\Desktop\ProJect\authStarter\server\src\index.ts
2024-08-23T16:44:04.776Z [info]: 🚀 Server is running on http://localhost:3000
2024-08-23T16:44:13.037Z [info]: Connected to database
2024-08-23T16:44:21.667Z [info]: Connected to database
2024-08-23T16:44:22.038Z [error]: Error loading route module auth.ts: Error: Cannot find module '@/controllers/auth'
Require stack:
- C:\Users\chawa\Desktop\ProJect\authStarter\server\src\routes\auth.ts
- C:\Users\chawa\Desktop\ProJect\authStarter\server\src\index.ts
2024-08-23T16:44:22.050Z [info]: 🚀 Server is running on http://localhost:3000
2024-08-23T16:45:53.064Z [info]: Connected to database
2024-08-23T16:45:53.389Z [error]: Error loading route module auth.ts: Error: Cannot find module '@/services/auth.service'
Require stack:
- C:\Users\chawa\Desktop\ProJect\authStarter\server\src\controllers\auth.ts
- C:\Users\chawa\Desktop\ProJect\authStarter\server\src\routes\auth.ts
- C:\Users\chawa\Desktop\ProJect\authStarter\server\src\index.ts
2024-08-23T16:45:53.396Z [info]: 🚀 Server is running on http://localhost:3000
2024-08-23T16:46:25.768Z [info]: Connected to database
2024-08-23T16:46:26.130Z [error]: Error loading route module auth.ts: Error: Cannot find module '@/services/auth.service'
Require stack:
- C:\Users\chawa\Desktop\ProJect\authStarter\server\src\controllers\auth.ts
- C:\Users\chawa\Desktop\ProJect\authStarter\server\src\routes\auth.ts
- C:\Users\chawa\Desktop\ProJect\authStarter\server\src\index.ts
2024-08-23T16:46:26.139Z [info]: 🚀 Server is running on http://localhost:3000
2024-08-23T16:46:42.415Z [info]: Connected to database
2024-08-23T16:46:42.835Z [info]: 🚀 Server is running on http://localhost:3000
2024-08-23T16:47:06.852Z [info]: Connected to database
2024-08-23T16:47:07.195Z [info]: 🚀 Server is running on http://localhost:3000
2024-08-23T16:51:46.091Z [info]: Connected to database
2024-08-23T16:51:46.654Z [info]: 🚀 Server is running on http://localhost:3000
2024-08-23T16:55:54.056Z [info]: Connected to database
2024-08-23T16:55:54.442Z [info]: 🚀 Server is running on http://localhost:3000
2024-08-23T16:58:52.876Z [info]: Connected to database
2024-08-23T16:58:53.414Z [info]: 🚀 Server is running on http://localhost:3000
2024-08-23T17:00:02.170Z [info]: Connected to database
2024-08-23T17:00:02.551Z [info]: 🚀 Server is running on http://localhost:3000
2024-08-23T17:00:23.282Z [info]: Connected to database
2024-08-23T17:00:23.674Z [info]: 🚀 Server is running on http://localhost:3000
2024-08-23T17:00:56.623Z [info]: Connected to database
2024-08-23T17:01:01.174Z [info]: Connected to database
2024-08-23T17:01:01.688Z [info]: 🚀 Server is running on http://localhost:3000
2024-08-23T17:01:24.108Z [info]: Connected to database
2024-08-23T17:01:24.536Z [info]: 🚀 Server is running on http://localhost:3000
2024-08-23T17:01:59.488Z [info]: Connected to database
2024-08-23T17:01:59.941Z [info]: 🚀 Server is running on http://localhost:3000
2024-08-23T17:02:18.712Z [info]: Connected to database
2024-08-23T17:02:19.166Z [info]: 🚀 Server is running on http://localhost:3000
2024-08-23T17:02:44.135Z [info]: Connected to database
2024-08-23T17:02:44.592Z [info]: 🚀 Server is running on http://localhost:3000
2024-08-23T17:02:59.566Z [info]: Connected to database
2024-08-23T17:02:59.956Z [info]: 🚀 Server is running on http://localhost:3000
2024-08-23T17:03:19.535Z [info]: Connected to database
2024-08-23T17:03:19.960Z [info]: 🚀 Server is running on http://localhost:3000
2024-08-23T17:03:22.670Z [error]: User already exists
2024-08-23T17:03:50.479Z [info]: Connected to database
2024-08-23T17:03:51.100Z [info]: 🚀 Server is running on http://localhost:3000
2024-08-23T17:03:57.677Z [info]: Connected to database
2024-08-23T17:04:02.499Z [info]: Connected to database
2024-08-23T17:04:16.632Z [info]: Connected to database
2024-08-23T17:04:17.097Z [info]: 🚀 Server is running on http://localhost:3000
2024-08-23T17:04:33.835Z [info]: Connected to database
2024-08-23T17:04:45.724Z [info]: Connected to database
2024-08-23T17:04:46.136Z [info]: 🚀 Server is running on http://localhost:3000
2024-08-23T17:07:32.358Z [info]: Connected to database
2024-08-23T17:07:32.803Z [info]: 🚀 Server is running on http://localhost:3000
2024-08-23T17:08:08.321Z [info]: Connected to database
2024-08-23T17:08:08.776Z [info]: 🚀 Server is running on http://localhost:3000
2024-08-23T17:09:03.376Z [info]: Connected to database
2024-08-23T17:09:03.849Z [info]: 🚀 Server is running on http://localhost:3000
2024-08-23T17:09:48.324Z [info]: Connected to database
2024-08-23T17:09:52.453Z [info]: Connected to database
2024-08-23T17:09:52.973Z [info]: 🚀 Server is running on http://localhost:3000
2024-08-23T17:10:12.548Z [info]: Connected to database
2024-08-23T17:10:12.989Z [info]: 🚀 Server is running on http://localhost:3000
2024-08-23T17:10:25.195Z [info]: Connected to database
2024-08-23T17:10:25.691Z [info]: 🚀 Server is running on http://localhost:3000
2024-08-23T17:10:37.026Z [info]: Connected to database
2024-08-23T17:10:37.507Z [error]: Error loading route module auth.ts: TSError: ⨯ Unable to compile TypeScript:
[96msrc/controllers/auth.ts[0m:[93m18[0m:[93m51[0m - [91merror[0m[90m TS2554: [0mExpected 2 arguments, but got 1.

[7m18[0m       const existingUser = await this.authService.findUser( email);
[7m  [0m [91m                                                  ~~~~~~~~[0m

  [96msrc/services/auth.service.ts[0m:[93m7[0m:[93m43[0m
    [7m7[0m   public async findUser(username: string, email: string) {
    [7m [0m [96m                                          ~~~~~~~~~~~~~[0m
    An argument for 'email' was not provided.

2024-08-23T17:10:37.518Z [info]: 🚀 Server is running on http://localhost:3000
2024-08-23T17:10:46.471Z [info]: Connected to database
2024-08-23T17:10:46.940Z [error]: Error loading route module auth.ts: TSError: ⨯ Unable to compile TypeScript:
[96msrc/controllers/auth.ts[0m:[93m18[0m:[93m52[0m - [91merror[0m[90m TS2554: [0mExpected 2 arguments, but got 1.

[7m18[0m       const existingEmail = await this.authService.findUser( email);
[7m  [0m [91m                                                   ~~~~~~~~[0m

  [96msrc/services/auth.service.ts[0m:[93m7[0m:[93m43[0m
    [7m7[0m   public async findUser(username: string, email: string) {
    [7m [0m [96m                                          ~~~~~~~~~~~~~[0m
    An argument for 'email' was not provided.
[96msrc/controllers/auth.ts[0m:[93m19[0m:[93m11[0m - [91merror[0m[90m TS2304: [0mCannot find name 'existingUser'.

[7m19[0m       if (existingUser) {
[7m  [0m [91m          ~~~~~~~~~~~~[0m

2024-08-23T17:10:46.949Z [info]: 🚀 Server is running on http://localhost:3000
2024-08-23T17:10:52.521Z [info]: Connected to database
2024-08-23T17:10:53.083Z [error]: Error loading route module auth.ts: TSError: ⨯ Unable to compile TypeScript:
[96msrc/controllers/auth.ts[0m:[93m18[0m:[93m52[0m - [91merror[0m[90m TS2339: [0mProperty 'findUser' does not exist on type 'AuthService'.

[7m18[0m       const existingEmail = await this.authService.findUser( email);
[7m  [0m [91m                                                   ~~~~~~~~[0m
[96msrc/controllers/auth.ts[0m:[93m19[0m:[93m11[0m - [91merror[0m[90m TS2304: [0mCannot find name 'existingUser'.

[7m19[0m       if (existingUser) {
[7m  [0m [91m          ~~~~~~~~~~~~[0m

2024-08-23T17:10:53.096Z [info]: 🚀 Server is running on http://localhost:3000
2024-08-23T17:11:02.366Z [info]: Connected to database
2024-08-23T17:11:02.835Z [error]: Error loading route module auth.ts: TSError: ⨯ Unable to compile TypeScript:
[96msrc/controllers/auth.ts[0m:[93m18[0m:[93m52[0m - [91merror[0m[90m TS2339: [0mProperty 'findUser' does not exist on type 'AuthService'.

[7m18[0m       const existingEmail = await this.authService.findUser( email);
[7m  [0m [91m                                                   ~~~~~~~~[0m
[96msrc/controllers/auth.ts[0m:[93m19[0m:[93m11[0m - [91merror[0m[90m TS2304: [0mCannot find name 'existingUser'.

[7m19[0m       if (existingUser) {
[7m  [0m [91m          ~~~~~~~~~~~~[0m

2024-08-23T17:11:02.843Z [info]: 🚀 Server is running on http://localhost:3000
2024-08-23T17:11:14.270Z [info]: Connected to database
2024-08-23T17:11:14.737Z [info]: 🚀 Server is running on http://localhost:3000
2024-08-23T17:11:32.939Z [info]: Connected to database
2024-08-23T17:11:33.360Z [info]: 🚀 Server is running on http://localhost:3000
2024-08-23T17:12:28.791Z [info]: Connected to database
2024-08-23T17:12:29.215Z [error]: Error loading route module auth.ts: TSError: ⨯ Unable to compile TypeScript:
[96msrc/controllers/auth.ts[0m:[93m34[0m:[93m22[0m - [91merror[0m[90m TS2304: [0mCannot find name 'async'.

[7m34[0m   public loginUser = async (
[7m  [0m [91m                     ~~~~~[0m
[96msrc/controllers/auth.ts[0m:[93m38[0m:[93m1[0m - [91merror[0m[90m TS1135: [0mArgument expression expected.

[7m38[0m }
[7m  [0m [91m~[0m

2024-08-23T17:12:29.223Z [info]: 🚀 Server is running on http://localhost:3000
2024-08-23T17:12:40.980Z [info]: Connected to database
2024-08-23T17:12:44.847Z [info]: Connected to database
2024-08-23T17:12:45.287Z [error]: Error loading route module auth.ts: TSError: ⨯ Unable to compile TypeScript:
[96msrc/controllers/auth.ts[0m:[93m48[0m:[93m1[0m - [91merror[0m[90m TS1005: [0m'}' expected.

[7m48[0m 
[7m  [0m [91m[0m

  [96msrc/controllers/auth.ts[0m:[93m39[0m:[93m9[0m
    [7m39[0m     try {
    [7m  [0m [96m        ~[0m
    The parser expected to find a '}' to match the '{' token here.

2024-08-23T17:12:45.295Z [info]: 🚀 Server is running on http://localhost:3000
2024-08-23T17:13:03.671Z [info]: Connected to database
2024-08-23T17:13:04.081Z [error]: Error loading route module auth.ts: TSError: ⨯ Unable to compile TypeScript:
[96msrc/controllers/auth.ts[0m:[93m49[0m:[93m1[0m - [91merror[0m[90m TS1472: [0m'catch' or 'finally' expected.

[7m49[0m 
[7m  [0m [91m[0m

2024-08-23T17:13:04.089Z [info]: 🚀 Server is running on http://localhost:3000
2024-08-23T17:13:10.725Z [info]: Connected to database
2024-08-23T17:13:11.262Z [error]: Error loading route module auth.ts: TSError: ⨯ Unable to compile TypeScript:
[96msrc/controllers/auth.ts[0m:[93m48[0m:[93m1[0m - [91merror[0m[90m TS1472: [0m'catch' or 'finally' expected.

[7m48[0m }
[7m  [0m [91m~[0m
[96msrc/controllers/auth.ts[0m:[93m49[0m:[93m1[0m - [91merror[0m[90m TS1005: [0m'}' expected.

[7m49[0m 
[7m  [0m [91m[0m

2024-08-23T17:13:11.272Z [info]: 🚀 Server is running on http://localhost:3000
2024-08-23T17:13:15.964Z [info]: Connected to database
2024-08-23T17:13:16.414Z [error]: Error loading route module auth.ts: TSError: ⨯ Unable to compile TypeScript:
[96msrc/controllers/auth.ts[0m:[93m48[0m:[93m1[0m - [91merror[0m[90m TS1472: [0m'catch' or 'finally' expected.

[7m48[0m 
[7m  [0m [91m[0m

2024-08-23T17:13:16.422Z [info]: 🚀 Server is running on http://localhost:3000
2024-08-23T17:13:22.020Z [info]: Connected to database
2024-08-23T17:13:22.425Z [error]: Error loading route module auth.ts: TSError: ⨯ Unable to compile TypeScript:
[96msrc/controllers/auth.ts[0m:[93m41[0m:[93m1[0m - [91merror[0m[90m TS1109: [0mExpression expected.

[7m41[0m }
[7m  [0m [91m~[0m

2024-08-23T17:13:22.434Z [info]: 🚀 Server is running on http://localhost:3000
2024-08-23T17:13:46.347Z [info]: Connected to database
2024-08-23T17:13:46.752Z [error]: Error loading route module auth.ts: TSError: ⨯ Unable to compile TypeScript:
[96msrc/controllers/auth.ts[0m:[93m41[0m:[93m1[0m - [91merror[0m[90m TS1109: [0mExpression expected.

[7m41[0m }
[7m  [0m [91m~[0m

2024-08-23T17:13:46.761Z [info]: 🚀 Server is running on http://localhost:3000
2024-08-23T17:13:55.046Z [info]: Connected to database
2024-08-23T17:13:55.484Z [error]: Error loading route module auth.ts: TSError: ⨯ Unable to compile TypeScript:
[96msrc/controllers/auth.ts[0m:[93m35[0m:[93m10[0m - [91merror[0m[90m TS2314: [0mGeneric type 'TypedRequestBody<T>' requires 1 type argument(s).

[7m35[0m     req: TypedRequestBody<{username:string,email:string,password:string},
[7m  [0m [91m         ~~~~~~~~~~~~~~~~~~~~~~~~~~~~~~~~~~~~~~~~~~~~~~~~~~~~~~~~~~~~~~~~[0m
[7m36[0m     res: Response,
[7m  [0m [91m~~~~~~~[0m
[96msrc/controllers/auth.ts[0m:[93m36[0m:[93m5[0m - [91merror[0m[90m TS2304: [0mCannot find name 'res'.

[7m36[0m     res: Response,
[7m  [0m [91m    ~~~[0m
[96msrc/controllers/auth.ts[0m:[93m36[0m:[93m10[0m - [91merror[0m[90m TS7006: [0mParameter 'Response' implicitly has an 'any' type.

[7m36[0m     res: Response,
[7m  [0m [91m         ~~~~~~~~[0m
[96msrc/controllers/auth.ts[0m:[93m36[0m:[93m8[0m - [91merror[0m[90m TS1005: [0m'>' expected.

[7m36[0m     res: Response,
[7m  [0m [91m       ~[0m
[96msrc/controllers/auth.ts[0m:[93m41[0m:[93m1[0m - [91merror[0m[90m TS1109: [0mExpression expected.

[7m41[0m }
[7m  [0m [91m~[0m

2024-08-23T17:13:55.495Z [info]: 🚀 Server is running on http://localhost:3000
2024-08-23T17:14:14.551Z [info]: Connected to database
2024-08-23T17:14:15.262Z [error]: Error loading route module auth.ts: TSError: ⨯ Unable to compile TypeScript:
[96msrc/controllers/auth.ts[0m:[93m35[0m:[93m10[0m - [91merror[0m[90m TS2314: [0mGeneric type 'TypedRequestBody<T>' requires 1 type argument(s).

[7m35[0m     req: TypedRequestBody<{username:string,email:string,password:string},
[7m  [0m [91m         ~~~~~~~~~~~~~~~~~~~~~~~~~~~~~~~~~~~~~~~~~~~~~~~~~~~~~~~~~~~~~~~~[0m
[7m36[0m     res: Response,
[7m  [0m [91m~~~~~~~[0m
[96msrc/controllers/auth.ts[0m:[93m36[0m:[93m5[0m - [91merror[0m[90m TS2304: [0mCannot find name 'res'.

[7m36[0m     res: Response,
[7m  [0m [91m    ~~~[0m
[96msrc/controllers/auth.ts[0m:[93m36[0m:[93m10[0m - [91merror[0m[90m TS7006: [0mParameter 'Response' implicitly has an 'any' type.

[7m36[0m     res: Response,
[7m  [0m [91m         ~~~~~~~~[0m
[96msrc/controllers/auth.ts[0m:[93m36[0m:[93m8[0m - [91merror[0m[90m TS1005: [0m'>' expected.

[7m36[0m     res: Response,
[7m  [0m [91m       ~[0m
[96msrc/controllers/auth.ts[0m:[93m41[0m:[93m1[0m - [91merror[0m[90m TS1109: [0mExpression expected.

[7m41[0m }
[7m  [0m [91m~[0m

2024-08-23T17:14:15.273Z [info]: 🚀 Server is running on http://localhost:3000
2024-08-23T17:14:49.176Z [info]: Connected to database
2024-08-23T17:14:49.617Z [error]: Error loading route module auth.ts: TSError: ⨯ Unable to compile TypeScript:
[96msrc/controllers/auth.ts[0m:[93m42[0m:[93m7[0m - [91merror[0m[90m TS2552: [0mCannot find name 'logError'. Did you mean 'onerror'?

[7m42[0m       logError(error);
[7m  [0m [91m      ~~~~~~~~[0m

  [96mnode_modules/typescript/lib/lib.dom.d.ts[0m:[93m27967[0m:[93m13[0m
    [7m27967[0m declare var onerror: OnErrorEventHandler;
    [7m     [0m [96m            ~~~~~~~[0m
    'onerror' is declared here.

2024-08-23T17:14:49.626Z [info]: 🚀 Server is running on http://localhost:3000
2024-08-23T17:15:00.735Z [info]: Connected to database
2024-08-23T17:15:01.127Z [error]: Error loading route module auth.ts: TSError: ⨯ Unable to compile TypeScript:
[96msrc/controllers/auth.ts[0m:[93m43[0m:[93m16[0m - [91merror[0m[90m TS18046: [0m'error' is of type 'unknown'.

[7m43[0m       logError(error.message);
[7m  [0m [91m               ~~~~~[0m

2024-08-23T17:15:01.135Z [info]: 🚀 Server is running on http://localhost:3000
2024-08-23T17:15:30.008Z [info]: Connected to database
2024-08-23T17:15:30.726Z [info]: 🚀 Server is running on http://localhost:3000
2024-08-23T17:15:53.045Z [info]: Connected to database
2024-08-23T17:15:53.721Z [info]: 🚀 Server is running on http://localhost:3000
2024-08-23T17:16:00.934Z [info]: Connected to database
2024-08-23T17:16:01.397Z [info]: 🚀 Server is running on http://localhost:3000
2024-08-23T17:16:17.491Z [info]: Connected to database
2024-08-23T17:16:17.972Z [info]: 🚀 Server is running on http://localhost:3000
2024-08-23T17:16:35.712Z [info]: Connected to database
2024-08-23T17:16:36.133Z [error]: Error loading route module auth.ts: TSError: ⨯ Unable to compile TypeScript:
[96msrc/controllers/auth.ts[0m:[93m61[0m:[93m38[0m - [91merror[0m[90m TS2339: [0mProperty 'generateToken' does not exist on type 'AuthService'.

[7m61[0m       const token = this.authService.generateToken(user.id);
[7m  [0m [91m                                     ~~~~~~~~~~~~~[0m
[96msrc/controllers/auth.ts[0m:[93m61[0m:[93m57[0m - [91merror[0m[90m TS2339: [0mProperty 'id' does not exist on type '{ user_id: number; username: string; email: string; password: string; createAt: Date | null; updateAt: Date | null; }'.

[7m61[0m       const token = this.authService.generateToken(user.id);
[7m  [0m [91m                                                        ~~[0m

2024-08-23T17:16:36.142Z [info]: 🚀 Server is running on http://localhost:3000
2024-08-23T17:16:46.521Z [info]: Connected to database
2024-08-23T17:16:47.003Z [info]: 🚀 Server is running on http://localhost:3000
2024-08-23T17:17:25.478Z [info]: Connected to database
2024-08-23T17:17:26.015Z [info]: 🚀 Server is running on http://localhost:3000
2024-08-23T17:19:11.492Z [info]: Connected to database
2024-08-23T17:19:11.966Z [info]: 🚀 Server is running on http://localhost:3000
2024-08-23T17:19:28.760Z [info]: Connected to database
2024-08-23T17:19:29.241Z [error]: Error loading route module auth.ts: TSError: ⨯ Unable to compile TypeScript:
[96msrc/controllers/auth.ts[0m:[93m61[0m:[93m21[0m - [91merror[0m[90m TS2304: [0mCannot find name 'jwt'.

[7m61[0m       const token = jwt.sign(
[7m  [0m [91m                    ~~~[0m
[96msrc/controllers/auth.ts[0m:[93m62[0m:[93m20[0m - [91merror[0m[90m TS2339: [0mProperty 'id' does not exist on type '{ user_id: number; username: string; email: string; password: string; createAt: Date | null; updateAt: Date | null; }'.

[7m62[0m         { id: user.id, email: user.email },
[7m  [0m [91m                   ~~[0m
[96msrc/controllers/auth.ts[0m:[93m63[0m:[93m14[0m - [91merror[0m[90m TS2339: [0mProperty 'jwtSecret' does not exist on type 'AuthController'.

[7m63[0m         this.jwtSecret,
[7m  [0m [91m             ~~~~~~~~~[0m

2024-08-23T17:19:29.250Z [info]: 🚀 Server is running on http://localhost:3000
2024-08-23T17:19:45.428Z [info]: Connected to database
2024-08-23T17:19:45.971Z [error]: Error loading route module auth.ts: TSError: ⨯ Unable to compile TypeScript:
[96msrc/controllers/auth.ts[0m:[93m62[0m:[93m21[0m - [91merror[0m[90m TS2304: [0mCannot find name 'jwt'.

[7m62[0m       const token = jwt.sign(
[7m  [0m [91m                    ~~~[0m
[96msrc/controllers/auth.ts[0m:[93m63[0m:[93m20[0m - [91merror[0m[90m TS2339: [0mProperty 'id' does not exist on type '{ user_id: number; username: string; email: string; password: string; createAt: Date | null; updateAt: Date | null; }'.

[7m63[0m         { id: user.id, email: user.email },
[7m  [0m [91m                   ~~[0m

2024-08-23T17:19:45.981Z [info]: 🚀 Server is running on http://localhost:3000
2024-08-23T17:20:02.135Z [info]: Connected to database
2024-08-23T17:20:02.575Z [error]: Error loading route module auth.ts: TSError: ⨯ Unable to compile TypeScript:
[96msrc/controllers/auth.ts[0m:[93m5[0m:[93m17[0m - [91merror[0m[90m TS7016: [0mCould not find a declaration file for module 'jsonwebtoken'. 'C:/Users/chawa/Desktop/ProJect/authStarter/server/node_modules/jsonwebtoken/index.js' implicitly has an 'any' type.
  Try `npm i --save-dev @types/jsonwebtoken` if it exists or add a new declaration (.d.ts) file containing `declare module 'jsonwebtoken';`

[7m5[0m import jwt from "jsonwebtoken";
[7m [0m [91m                ~~~~~~~~~~~~~~[0m
[96msrc/controllers/auth.ts[0m:[93m64[0m:[93m20[0m - [91merror[0m[90m TS2339: [0mProperty 'id' does not exist on type '{ user_id: number; username: string; email: string; password: string; createAt: Date | null; updateAt: Date | null; }'.

[7m64[0m         { id: user.id, email: user.email },
[7m  [0m [91m                   ~~[0m

2024-08-23T17:20:02.588Z [info]: 🚀 Server is running on http://localhost:3000
2024-08-23T17:20:45.264Z [info]: Connected to database
2024-08-23T17:20:46.137Z [error]: Error loading route module auth.ts: TSError: ⨯ Unable to compile TypeScript:
[96msrc/controllers/auth.ts[0m:[93m64[0m:[93m20[0m - [91merror[0m[90m TS2339: [0mProperty 'id' does not exist on type '{ user_id: number; username: string; email: string; password: string; createAt: Date | null; updateAt: Date | null; }'.

[7m64[0m         { id: user.id, email: user.email },
[7m  [0m [91m                   ~~[0m

2024-08-23T17:20:46.152Z [info]: 🚀 Server is running on http://localhost:3000
2024-08-23T17:20:50.741Z [info]: Connected to database
2024-08-23T17:20:51.318Z [error]: Error loading route module auth.ts: TSError: ⨯ Unable to compile TypeScript:
[96msrc/controllers/auth.ts[0m:[93m64[0m:[93m20[0m - [91merror[0m[90m TS2339: [0mProperty 'id' does not exist on type '{ user_id: number; username: string; email: string; password: string; createAt: Date | null; updateAt: Date | null; }'.

[7m64[0m         { id: user.id, email: user.email },
[7m  [0m [91m                   ~~[0m

2024-08-23T17:20:51.328Z [info]: 🚀 Server is running on http://localhost:3000
2024-08-23T17:21:08.246Z [info]: Connected to database
2024-08-23T17:21:08.783Z [error]: Error loading route module auth.ts: TSError: ⨯ Unable to compile TypeScript:
[96msrc/controllers/auth.ts[0m:[93m64[0m:[93m20[0m - [91merror[0m[90m TS1003: [0mIdentifier expected.

[7m64[0m         { id: user., email: user.email },
[7m  [0m [91m                   ~[0m

2024-08-23T17:21:08.793Z [info]: 🚀 Server is running on http://localhost:3000
2024-08-23T17:21:13.304Z [info]: Connected to database
2024-08-23T17:21:14.025Z [info]: 🚀 Server is running on http://localhost:3000
2024-08-23T17:22:09.704Z [info]: Connected to database
2024-08-23T17:22:10.338Z [info]: 🚀 Server is running on http://localhost:3000
2024-08-23T17:23:20.602Z [info]: Connected to database
2024-08-23T17:23:21.485Z [info]: 🚀 Server is running on http://localhost:3000
2024-08-23T17:23:43.407Z [info]: Connected to database
2024-08-23T17:23:44.081Z [info]: 🚀 Server is running on http://localhost:3000
2024-08-23T17:24:03.825Z [info]: Connected to database
2024-08-23T17:24:04.414Z [info]: 🚀 Server is running on http://localhost:3000
2024-08-23T17:24:25.412Z [info]: Connected to database
2024-08-23T17:24:26.029Z [info]: 🚀 Server is running on http://localhost:3000
2024-08-23T17:24:57.533Z [info]: Connected to database
2024-08-23T17:24:58.122Z [info]: 🚀 Server is running on http://localhost:3000
2024-08-23T17:25:09.599Z [info]: Connected to database
2024-08-23T17:25:10.226Z [info]: 🚀 Server is running on http://localhost:3000
2024-08-23T17:25:24.958Z [info]: Connected to database
2024-08-23T17:25:25.548Z [info]: 🚀 Server is running on http://localhost:3000
2024-08-23T17:26:03.045Z [info]: Connected to database
2024-08-23T17:26:03.605Z [info]: 🚀 Server is running on http://localhost:3000
2024-08-23T17:26:16.861Z [info]: Connected to database
2024-08-23T17:26:17.518Z [info]: 🚀 Server is running on http://localhost:3000
2024-08-23T17:26:36.081Z [info]: Connected to database
2024-08-23T17:26:36.906Z [info]: 🚀 Server is running on http://localhost:3000
2024-08-23T17:27:10.603Z [info]: Connected to database
2024-08-23T17:27:15.844Z [info]: Connected to database
2024-08-23T17:27:16.464Z [info]: 🚀 Server is running on http://localhost:3000
2024-08-23T17:27:40.461Z [info]: Connected to database
2024-08-23T17:27:41.166Z [info]: 🚀 Server is running on http://localhost:3000
2024-08-23T17:28:02.803Z [info]: Connected to database
2024-08-23T17:28:03.521Z [info]: 🚀 Server is running on http://localhost:3000
2024-08-23T17:29:41.655Z [info]: Connected to database
2024-08-23T17:29:42.349Z [info]: 🚀 Server is running on http://localhost:3000
2024-08-23T17:30:19.989Z [info]: Connected to database
2024-08-23T17:30:20.713Z [info]: 🚀 Server is running on http://localhost:3000
2024-08-23T17:30:46.210Z [info]: Connected to database
2024-08-23T17:30:46.898Z [info]: 🚀 Server is running on http://localhost:3000
2024-08-23T17:30:53.987Z [info]: Connected to database
2024-08-23T17:30:54.628Z [info]: 🚀 Server is running on http://localhost:3000
2024-08-23T17:31:34.979Z [info]: Connected to database
2024-08-23T17:31:35.673Z [info]: 🚀 Server is running on http://localhost:3000
2024-08-23T17:31:40.960Z [info]: Connected to database
2024-08-23T17:31:41.611Z [info]: 🚀 Server is running on http://localhost:3000
2024-08-23T17:32:00.032Z [info]: Connected to database
2024-08-23T17:32:00.540Z [error]: Error loading route module auth.ts: TSError: ⨯ Unable to compile TypeScript:
[96msrc/controllers/auth.ts[0m:[93m56[0m:[93m46[0m - [91merror[0m[90m TS1003: [0mIdentifier expected.

[7m56[0m       const valid = await argon2.verify(user., password);
[7m  [0m [91m                                             ~[0m

2024-08-23T17:32:00.556Z [info]: 🚀 Server is running on http://localhost:3000
2024-08-23T17:32:05.229Z [info]: Connected to database
2024-08-23T17:32:05.871Z [info]: 🚀 Server is running on http://localhost:3000
2024-08-23T17:32:24.847Z [info]: Connected to database
2024-08-23T17:32:25.688Z [info]: 🚀 Server is running on http://localhost:3000
2024-08-23T17:34:11.994Z [info]: Connected to database
2024-08-23T17:34:12.983Z [info]: 🚀 Server is running on http://localhost:3000
2024-08-23T17:34:47.177Z [info]: Connected to database
2024-08-23T17:34:48.453Z [info]: 🚀 Server is running on http://localhost:3000
2024-08-23T17:35:48.793Z [info]: Connected to database
2024-08-23T17:35:49.610Z [info]: 🚀 Server is running on http://localhost:3000
2024-08-23T17:36:45.395Z [info]: Connected to database
2024-08-23T17:36:46.275Z [info]: 🚀 Server is running on http://localhost:3000
2024-08-23T17:37:22.574Z [info]: Connected to database
2024-08-23T17:37:23.443Z [info]: 🚀 Server is running on http://localhost:3000
2024-08-23T17:38:48.345Z [info]: Connected to database
2024-08-23T17:38:49.440Z [info]: 🚀 Server is running on http://localhost:3000
2024-08-23T17:40:07.530Z [info]: Connected to database
2024-08-23T17:40:08.357Z [info]: 🚀 Server is running on http://localhost:3000
2024-08-23T17:59:07.033Z [info]: Connected to database
2024-08-23T17:59:08.770Z [info]: 🚀 Server is running on http://localhost:3000
2024-08-24T01:13:39.437Z [error]: Setup failed: Database connection error: PrismaClientInitializationError: Can't reach database server at `localhost:3306`

Please make sure your database server is running at `localhost:3306`.
2024-08-24T01:14:21.220Z [info]: Connected to database
2024-08-24T01:14:21.609Z [info]: 🚀 Server is running on http://localhost:3000
2024-08-24T01:17:33.859Z [info]: Connected to database
2024-08-24T01:17:34.169Z [error]: Error loading route module auth.ts: TSError: ⨯ Unable to compile TypeScript:
[96msrc/controllers/auth.ts[0m:[93m56[0m:[93m41[0m - [91merror[0m[90m TS2345: [0mArgument of type 'string | null' is not assignable to parameter of type 'string'.
  Type 'null' is not assignable to type 'string'.

[7m56[0m       const valid = await argon2.verify(user.password, password);
[7m  [0m [91m                                        ~~~~~~~~~~~~~[0m

2024-08-24T01:17:34.186Z [info]: 🚀 Server is running on http://localhost:3000
2024-08-24T01:18:06.921Z [info]: Connected to database
2024-08-24T01:18:07.301Z [error]: Error loading route module auth.ts: TSError: ⨯ Unable to compile TypeScript:
[96msrc/controllers/auth.ts[0m:[93m56[0m:[93m41[0m - [91merror[0m[90m TS2345: [0mArgument of type 'string | null' is not assignable to parameter of type 'string'.
  Type 'null' is not assignable to type 'string'.

[7m56[0m       const valid = await argon2.verify(user.password, password);
[7m  [0m [91m                                        ~~~~~~~~~~~~~[0m

2024-08-24T01:18:07.308Z [info]: 🚀 Server is running on http://localhost:3000
2024-08-24T01:18:19.247Z [info]: Connected to database
2024-08-24T01:18:19.625Z [error]: Error loading route module auth.ts: TSError: ⨯ Unable to compile TypeScript:
[96msrc/controllers/auth.ts[0m:[93m56[0m:[93m41[0m - [91merror[0m[90m TS2345: [0mArgument of type 'string | null' is not assignable to parameter of type 'string'.
  Type 'null' is not assignable to type 'string'.

[7m56[0m       const valid = await argon2.verify(user.password, password);
[7m  [0m [91m                                        ~~~~~~~~~~~~~[0m

2024-08-24T01:18:19.632Z [info]: 🚀 Server is running on http://localhost:3000
2024-08-24T01:19:23.646Z [info]: Connected to database
2024-08-24T01:19:23.983Z [error]: Error loading route module auth.ts: TSError: ⨯ Unable to compile TypeScript:
[96msrc/services/auth.service.ts[0m:[93m15[0m:[93m7[0m - [91merror[0m[90m TS2322: [0mType '{ username: string; email: string; password: string; }' is not assignable to type '(Without<usersCreateInput, usersUncheckedCreateInput> & usersUncheckedCreateInput) | (Without<...> & usersCreateInput)'.
  Type '{ username: string; email: string; password: string; }' is not assignable to type 'Without<usersUncheckedCreateInput, usersCreateInput> & usersCreateInput'.
    Property 'image_profile' is missing in type '{ username: string; email: string; password: string; }' but required in type 'usersCreateInput'.

[7m15[0m       data: { username, email, password },
[7m  [0m [91m      ~~~~[0m

  [96mnode_modules/.prisma/client/index.d.ts[0m:[93m1912[0m:[93m5[0m
    [7m1912[0m     image_profile: string
    [7m    [0m [96m    ~~~~~~~~~~~~~[0m
    'image_profile' is declared here.
  [96mnode_modules/.prisma/client/index.d.ts[0m:[93m1662[0m:[93m5[0m
    [7m1662[0m     data: XOR<usersCreateInput, usersUncheckedCreateInput>
    [7m    [0m [96m    ~~~~[0m
    The expected type comes from property 'data' which is declared here on type '{ select?: usersSelect<DefaultArgs> | null | undefined; data: (Without<usersCreateInput, usersUncheckedCreateInput> & usersUncheckedCreateInput) | (Without<...> & usersCreateInput); }'

2024-08-24T01:19:23.990Z [info]: 🚀 Server is running on http://localhost:3000
2024-08-24T01:21:09.784Z [info]: Connected to database
2024-08-24T01:21:10.594Z [error]: Error loading route module auth.ts: TSError: ⨯ Unable to compile TypeScript:
[96msrc/services/auth.service.ts[0m:[93m15[0m:[93m7[0m - [91merror[0m[90m TS2322: [0mType '{ username: string; email: string; password: string; }' is not assignable to type '(Without<usersCreateInput, usersUncheckedCreateInput> & usersUncheckedCreateInput) | (Without<...> & usersCreateInput)'.
  Type '{ username: string; email: string; password: string; }' is not assignable to type 'Without<usersUncheckedCreateInput, usersCreateInput> & usersCreateInput'.
    Property 'image_profile' is missing in type '{ username: string; email: string; password: string; }' but required in type 'usersCreateInput'.

[7m15[0m       data: { username, email, password },
[7m  [0m [91m      ~~~~[0m

  [96mnode_modules/.prisma/client/index.d.ts[0m:[93m1912[0m:[93m5[0m
    [7m1912[0m     image_profile: string
    [7m    [0m [96m    ~~~~~~~~~~~~~[0m
    'image_profile' is declared here.
  [96mnode_modules/.prisma/client/index.d.ts[0m:[93m1662[0m:[93m5[0m
    [7m1662[0m     data: XOR<usersCreateInput, usersUncheckedCreateInput>
    [7m    [0m [96m    ~~~~[0m
    The expected type comes from property 'data' which is declared here on type '{ select?: usersSelect<DefaultArgs> | null | undefined; data: (Without<usersCreateInput, usersUncheckedCreateInput> & usersUncheckedCreateInput) | (Without<...> & usersCreateInput); }'

2024-08-24T01:21:10.624Z [info]: 🚀 Server is running on http://localhost:3000
2024-08-24T01:21:16.965Z [info]: Connected to database
2024-08-24T01:21:17.373Z [error]: Error loading route module auth.ts: TSError: ⨯ Unable to compile TypeScript:
[96msrc/controllers/auth.ts[0m:[93m16[0m:[93m7[0m - [91merror[0m[90m TS7008: [0mMember 'image_profile' implicitly has an 'any' type.

[7m16[0m       image_profile
[7m  [0m [91m      ~~~~~~~~~~~~~[0m

2024-08-24T01:21:17.381Z [info]: 🚀 Server is running on http://localhost:3000
2024-08-24T01:21:21.666Z [info]: Connected to database
2024-08-24T01:21:22.125Z [error]: Error loading route module auth.ts: TSError: ⨯ Unable to compile TypeScript:
[96msrc/services/auth.service.ts[0m:[93m15[0m:[93m7[0m - [91merror[0m[90m TS2322: [0mType '{ username: string; email: string; password: string; }' is not assignable to type '(Without<usersCreateInput, usersUncheckedCreateInput> & usersUncheckedCreateInput) | (Without<...> & usersCreateInput)'.
  Type '{ username: string; email: string; password: string; }' is not assignable to type 'Without<usersUncheckedCreateInput, usersCreateInput> & usersCreateInput'.
    Property 'image_profile' is missing in type '{ username: string; email: string; password: string; }' but required in type 'usersCreateInput'.

[7m15[0m       data: { username, email, password },
[7m  [0m [91m      ~~~~[0m

  [96mnode_modules/.prisma/client/index.d.ts[0m:[93m1912[0m:[93m5[0m
    [7m1912[0m     image_profile: string
    [7m    [0m [96m    ~~~~~~~~~~~~~[0m
    'image_profile' is declared here.
  [96mnode_modules/.prisma/client/index.d.ts[0m:[93m1662[0m:[93m5[0m
    [7m1662[0m     data: XOR<usersCreateInput, usersUncheckedCreateInput>
    [7m    [0m [96m    ~~~~[0m
    The expected type comes from property 'data' which is declared here on type '{ select?: usersSelect<DefaultArgs> | null | undefined; data: (Without<usersCreateInput, usersUncheckedCreateInput> & usersUncheckedCreateInput) | (Without<...> & usersCreateInput); }'

2024-08-24T01:21:22.132Z [info]: 🚀 Server is running on http://localhost:3000
2024-08-24T01:21:28.606Z [info]: Connected to database
2024-08-24T01:21:29.082Z [error]: Error loading route module auth.ts: TSError: ⨯ Unable to compile TypeScript:
[96msrc/services/auth.service.ts[0m:[93m15[0m:[93m7[0m - [91merror[0m[90m TS2322: [0mType '{ username: string; email: string; password: string; }' is not assignable to type '(Without<usersCreateInput, usersUncheckedCreateInput> & usersUncheckedCreateInput) | (Without<...> & usersCreateInput)'.
  Type '{ username: string; email: string; password: string; }' is not assignable to type 'Without<usersUncheckedCreateInput, usersCreateInput> & usersCreateInput'.
    Property 'image_profile' is missing in type '{ username: string; email: string; password: string; }' but required in type 'usersCreateInput'.

[7m15[0m       data: { username, email, password },
[7m  [0m [91m      ~~~~[0m

  [96mnode_modules/.prisma/client/index.d.ts[0m:[93m1912[0m:[93m5[0m
    [7m1912[0m     image_profile: string
    [7m    [0m [96m    ~~~~~~~~~~~~~[0m
    'image_profile' is declared here.
  [96mnode_modules/.prisma/client/index.d.ts[0m:[93m1662[0m:[93m5[0m
    [7m1662[0m     data: XOR<usersCreateInput, usersUncheckedCreateInput>
    [7m    [0m [96m    ~~~~[0m
    The expected type comes from property 'data' which is declared here on type '{ select?: usersSelect<DefaultArgs> | null | undefined; data: (Without<usersCreateInput, usersUncheckedCreateInput> & usersUncheckedCreateInput) | (Without<...> & usersCreateInput); }'

2024-08-24T01:21:29.090Z [info]: 🚀 Server is running on http://localhost:3000
2024-08-24T01:21:35.271Z [info]: Connected to database
2024-08-24T01:21:35.645Z [error]: Error loading route module auth.ts: TSError: ⨯ Unable to compile TypeScript:
[96msrc/services/auth.service.ts[0m:[93m15[0m:[93m7[0m - [91merror[0m[90m TS2322: [0mType '{ username: string; email: string; password: string; }' is not assignable to type '(Without<usersCreateInput, usersUncheckedCreateInput> & usersUncheckedCreateInput) | (Without<...> & usersCreateInput)'.
  Type '{ username: string; email: string; password: string; }' is not assignable to type 'Without<usersUncheckedCreateInput, usersCreateInput> & usersCreateInput'.
    Property 'image_profile' is missing in type '{ username: string; email: string; password: string; }' but required in type 'usersCreateInput'.

[7m15[0m       data: { username, email, password },
[7m  [0m [91m      ~~~~[0m

  [96mnode_modules/.prisma/client/index.d.ts[0m:[93m1912[0m:[93m5[0m
    [7m1912[0m     image_profile: string
    [7m    [0m [96m    ~~~~~~~~~~~~~[0m
    'image_profile' is declared here.
  [96mnode_modules/.prisma/client/index.d.ts[0m:[93m1662[0m:[93m5[0m
    [7m1662[0m     data: XOR<usersCreateInput, usersUncheckedCreateInput>
    [7m    [0m [96m    ~~~~[0m
    The expected type comes from property 'data' which is declared here on type '{ select?: usersSelect<DefaultArgs> | null | undefined; data: (Without<usersCreateInput, usersUncheckedCreateInput> & usersUncheckedCreateInput) | (Without<...> & usersCreateInput); }'

2024-08-24T01:21:35.652Z [info]: 🚀 Server is running on http://localhost:3000
2024-08-24T01:21:46.775Z [info]: Connected to database
2024-08-24T01:21:47.151Z [error]: Error loading route module auth.ts: TSError: ⨯ Unable to compile TypeScript:
[96msrc/controllers/auth.ts[0m:[93m23[0m:[93m25[0m - [91merror[0m[90m TS2339: [0mProperty 'file' does not exist on type 'TypedRequestBody<{ username: string; email: string; password: string; image_profile: File; }>'.

[7m23[0m       const image = req.file;
[7m  [0m [91m                        ~~~~[0m

2024-08-24T01:21:47.160Z [info]: 🚀 Server is running on http://localhost:3000
2024-08-24T01:21:57.315Z [info]: Connected to database
2024-08-24T01:21:57.702Z [error]: Error loading route module auth.ts: TSError: ⨯ Unable to compile TypeScript:
[96msrc/controllers/auth.ts[0m:[93m23[0m:[93m37[0m - [91merror[0m[90m TS2339: [0mProperty 'file' does not exist on type 'TypedRequestBody<{ username: string; email: string; password: string; image_profile: File; }>'.

[7m23[0m       const { image_profile } = req.file;
[7m  [0m [91m                                    ~~~~[0m

2024-08-24T01:21:57.710Z [info]: 🚀 Server is running on http://localhost:3000
2024-08-24T01:22:07.492Z [info]: Connected to database
2024-08-24T01:22:09.982Z [info]: Connected to database
2024-08-24T01:22:10.303Z [error]: Error loading route module auth.ts: TSError: ⨯ Unable to compile TypeScript:
[96msrc/controllers/auth.ts[0m:[93m23[0m:[93m37[0m - [91merror[0m[90m TS1003: [0mIdentifier expected.

[7m23[0m       const { image_profile } = req.;
[7m  [0m [91m                                    ~[0m

2024-08-24T01:22:10.310Z [info]: 🚀 Server is running on http://localhost:3000
2024-08-24T01:22:14.513Z [info]: Connected to database
2024-08-24T01:22:14.802Z [error]: Error loading route module auth.ts: TSError: ⨯ Unable to compile TypeScript:
[96msrc/controllers/auth.ts[0m:[93m23[0m:[93m15[0m - [91merror[0m[90m TS2339: [0mProperty 'image_profile' does not exist on type 'TypedRequestBody<{ username: string; email: string; password: string; image_profile: File; }>'.

[7m23[0m       const { image_profile } = req;
[7m  [0m [91m              ~~~~~~~~~~~~~[0m

2024-08-24T01:22:14.810Z [info]: 🚀 Server is running on http://localhost:3000
2024-08-24T01:22:21.468Z [info]: Connected to database
2024-08-24T01:22:21.761Z [error]: Error loading route module auth.ts: TSError: ⨯ Unable to compile TypeScript:
[96msrc/controllers/auth.ts[0m:[93m23[0m:[93m37[0m - [91merror[0m[90m TS2339: [0mProperty 'file' does not exist on type 'TypedRequestBody<{ username: string; email: string; password: string; image_profile: File; }>'.

[7m23[0m       const { image_profile } = req.file;
[7m  [0m [91m                                    ~~~~[0m

2024-08-24T01:22:21.766Z [info]: 🚀 Server is running on http://localhost:3000
2024-08-24T01:22:54.211Z [info]: Connected to database
2024-08-24T01:22:54.535Z [error]: Error loading route module auth.ts: TSError: ⨯ Unable to compile TypeScript:
[96msrc/services/auth.service.ts[0m:[93m15[0m:[93m7[0m - [91merror[0m[90m TS2322: [0mType '{ username: string; email: string; password: string; }' is not assignable to type '(Without<usersCreateInput, usersUncheckedCreateInput> & usersUncheckedCreateInput) | (Without<...> & usersCreateInput)'.
  Type '{ username: string; email: string; password: string; }' is not assignable to type 'Without<usersUncheckedCreateInput, usersCreateInput> & usersCreateInput'.
    Property 'image_profile' is missing in type '{ username: string; email: string; password: string; }' but required in type 'usersCreateInput'.

[7m15[0m       data: { username, email, password },
[7m  [0m [91m      ~~~~[0m

  [96mnode_modules/.prisma/client/index.d.ts[0m:[93m1912[0m:[93m5[0m
    [7m1912[0m     image_profile: string
    [7m    [0m [96m    ~~~~~~~~~~~~~[0m
    'image_profile' is declared here.
  [96mnode_modules/.prisma/client/index.d.ts[0m:[93m1662[0m:[93m5[0m
    [7m1662[0m     data: XOR<usersCreateInput, usersUncheckedCreateInput>
    [7m    [0m [96m    ~~~~[0m
    The expected type comes from property 'data' which is declared here on type '{ select?: usersSelect<DefaultArgs> | null | undefined; data: (Without<usersCreateInput, usersUncheckedCreateInput> & usersUncheckedCreateInput) | (Without<...> & usersCreateInput); }'

2024-08-24T01:22:54.541Z [info]: 🚀 Server is running on http://localhost:3000
2024-08-24T01:28:50.833Z [info]: Connected to database
2024-08-24T01:28:51.240Z [error]: Error loading route module auth.ts: TSError: ⨯ Unable to compile TypeScript:
[96msrc/services/auth.service.ts[0m:[93m15[0m:[93m7[0m - [91merror[0m[90m TS2322: [0mType '{ username: string; email: string; password: string; }' is not assignable to type '(Without<usersCreateInput, usersUncheckedCreateInput> & usersUncheckedCreateInput) | (Without<...> & usersCreateInput)'.
  Type '{ username: string; email: string; password: string; }' is not assignable to type 'Without<usersUncheckedCreateInput, usersCreateInput> & usersCreateInput'.
    Property 'image_profile' is missing in type '{ username: string; email: string; password: string; }' but required in type 'usersCreateInput'.

[7m15[0m       data: { username, email, password },
[7m  [0m [91m      ~~~~[0m

  [96mnode_modules/.prisma/client/index.d.ts[0m:[93m1912[0m:[93m5[0m
    [7m1912[0m     image_profile: string
    [7m    [0m [96m    ~~~~~~~~~~~~~[0m
    'image_profile' is declared here.
  [96mnode_modules/.prisma/client/index.d.ts[0m:[93m1662[0m:[93m5[0m
    [7m1662[0m     data: XOR<usersCreateInput, usersUncheckedCreateInput>
    [7m    [0m [96m    ~~~~[0m
    The expected type comes from property 'data' which is declared here on type '{ select?: usersSelect<DefaultArgs> | null | undefined; data: (Without<usersCreateInput, usersUncheckedCreateInput> & usersUncheckedCreateInput) | (Without<...> & usersCreateInput); }'

2024-08-24T01:28:51.246Z [info]: 🚀 Server is running on http://localhost:3000
2024-08-24T01:29:05.858Z [info]: Connected to database
2024-08-24T01:29:06.185Z [error]: Error loading route module auth.ts: TSError: ⨯ Unable to compile TypeScript:
[96msrc/services/auth.service.ts[0m:[93m15[0m:[93m7[0m - [91merror[0m[90m TS2322: [0mType '{ username: string; email: string; password: string; }' is not assignable to type '(Without<usersCreateInput, usersUncheckedCreateInput> & usersUncheckedCreateInput) | (Without<...> & usersCreateInput)'.
  Type '{ username: string; email: string; password: string; }' is not assignable to type 'Without<usersUncheckedCreateInput, usersCreateInput> & usersCreateInput'.
    Property 'image_profile' is missing in type '{ username: string; email: string; password: string; }' but required in type 'usersCreateInput'.

[7m15[0m       data: { username, email, password },
[7m  [0m [91m      ~~~~[0m

  [96mnode_modules/.prisma/client/index.d.ts[0m:[93m1912[0m:[93m5[0m
    [7m1912[0m     image_profile: string
    [7m    [0m [96m    ~~~~~~~~~~~~~[0m
    'image_profile' is declared here.
  [96mnode_modules/.prisma/client/index.d.ts[0m:[93m1662[0m:[93m5[0m
    [7m1662[0m     data: XOR<usersCreateInput, usersUncheckedCreateInput>
    [7m    [0m [96m    ~~~~[0m
    The expected type comes from property 'data' which is declared here on type '{ select?: usersSelect<DefaultArgs> | null | undefined; data: (Without<usersCreateInput, usersUncheckedCreateInput> & usersUncheckedCreateInput) | (Without<...> & usersCreateInput); }'

2024-08-24T01:29:06.192Z [info]: 🚀 Server is running on http://localhost:3000
2024-08-24T01:29:24.305Z [info]: Connected to database
2024-08-24T01:29:24.632Z [error]: Error loading route module auth.ts: TSError: ⨯ Unable to compile TypeScript:
[96msrc/services/auth.service.ts[0m:[93m15[0m:[93m7[0m - [91merror[0m[90m TS2322: [0mType '{ username: string; email: string; password: string; }' is not assignable to type '(Without<usersCreateInput, usersUncheckedCreateInput> & usersUncheckedCreateInput) | (Without<...> & usersCreateInput)'.
  Type '{ username: string; email: string; password: string; }' is not assignable to type 'Without<usersUncheckedCreateInput, usersCreateInput> & usersCreateInput'.
    Property 'image_profile' is missing in type '{ username: string; email: string; password: string; }' but required in type 'usersCreateInput'.

[7m15[0m       data: { username, email, password },
[7m  [0m [91m      ~~~~[0m

  [96mnode_modules/.prisma/client/index.d.ts[0m:[93m1912[0m:[93m5[0m
    [7m1912[0m     image_profile: string
    [7m    [0m [96m    ~~~~~~~~~~~~~[0m
    'image_profile' is declared here.
  [96mnode_modules/.prisma/client/index.d.ts[0m:[93m1662[0m:[93m5[0m
    [7m1662[0m     data: XOR<usersCreateInput, usersUncheckedCreateInput>
    [7m    [0m [96m    ~~~~[0m
    The expected type comes from property 'data' which is declared here on type '{ select?: usersSelect<DefaultArgs> | null | undefined; data: (Without<usersCreateInput, usersUncheckedCreateInput> & usersUncheckedCreateInput) | (Without<...> & usersCreateInput); }'

2024-08-24T01:29:24.638Z [info]: 🚀 Server is running on http://localhost:3000
2024-08-24T01:29:29.945Z [info]: Connected to database
2024-08-24T01:29:30.270Z [error]: Error loading route module auth.ts: TSError: ⨯ Unable to compile TypeScript:
[96msrc/services/auth.service.ts[0m:[93m15[0m:[93m7[0m - [91merror[0m[90m TS2322: [0mType '{ username: string; email: string; password: string; }' is not assignable to type '(Without<usersCreateInput, usersUncheckedCreateInput> & usersUncheckedCreateInput) | (Without<...> & usersCreateInput)'.
  Type '{ username: string; email: string; password: string; }' is not assignable to type 'Without<usersUncheckedCreateInput, usersCreateInput> & usersCreateInput'.
    Property 'image_profile' is missing in type '{ username: string; email: string; password: string; }' but required in type 'usersCreateInput'.

[7m15[0m       data: { username, email, password },
[7m  [0m [91m      ~~~~[0m

  [96mnode_modules/.prisma/client/index.d.ts[0m:[93m1912[0m:[93m5[0m
    [7m1912[0m     image_profile: string
    [7m    [0m [96m    ~~~~~~~~~~~~~[0m
    'image_profile' is declared here.
  [96mnode_modules/.prisma/client/index.d.ts[0m:[93m1662[0m:[93m5[0m
    [7m1662[0m     data: XOR<usersCreateInput, usersUncheckedCreateInput>
    [7m    [0m [96m    ~~~~[0m
    The expected type comes from property 'data' which is declared here on type '{ select?: usersSelect<DefaultArgs> | null | undefined; data: (Without<usersCreateInput, usersUncheckedCreateInput> & usersUncheckedCreateInput) | (Without<...> & usersCreateInput); }'

2024-08-24T01:29:30.276Z [info]: 🚀 Server is running on http://localhost:3000
2024-08-24T01:29:57.375Z [info]: Connected to database
2024-08-24T01:29:57.706Z [error]: Error loading route module auth.ts: TSError: ⨯ Unable to compile TypeScript:
[96msrc/controllers/auth.ts[0m:[93m5[0m:[93m20[0m - [91merror[0m[90m TS2307: [0mCannot find module '../middleware/upload' or its corresponding type declarations.

[7m5[0m import upload from "../middleware/upload";
[7m [0m [91m                   ~~~~~~~~~~~~~~~~~~~~~~[0m

2024-08-24T01:29:57.714Z [info]: 🚀 Server is running on http://localhost:3000
2024-08-24T01:30:10.116Z [info]: Connected to database
2024-08-24T01:30:10.456Z [error]: Error loading route module auth.ts: TSError: ⨯ Unable to compile TypeScript:
[96msrc/services/auth.service.ts[0m:[93m15[0m:[93m7[0m - [91merror[0m[90m TS2322: [0mType '{ username: string; email: string; password: string; }' is not assignable to type '(Without<usersCreateInput, usersUncheckedCreateInput> & usersUncheckedCreateInput) | (Without<...> & usersCreateInput)'.
  Type '{ username: string; email: string; password: string; }' is not assignable to type 'Without<usersUncheckedCreateInput, usersCreateInput> & usersCreateInput'.
    Property 'image_profile' is missing in type '{ username: string; email: string; password: string; }' but required in type 'usersCreateInput'.

[7m15[0m       data: { username, email, password },
[7m  [0m [91m      ~~~~[0m

  [96mnode_modules/.prisma/client/index.d.ts[0m:[93m1912[0m:[93m5[0m
    [7m1912[0m     image_profile: string
    [7m    [0m [96m    ~~~~~~~~~~~~~[0m
    'image_profile' is declared here.
  [96mnode_modules/.prisma/client/index.d.ts[0m:[93m1662[0m:[93m5[0m
    [7m1662[0m     data: XOR<usersCreateInput, usersUncheckedCreateInput>
    [7m    [0m [96m    ~~~~[0m
    The expected type comes from property 'data' which is declared here on type '{ select?: usersSelect<DefaultArgs> | null | undefined; data: (Without<usersCreateInput, usersUncheckedCreateInput> & usersUncheckedCreateInput) | (Without<...> & usersCreateInput); }'

2024-08-24T01:30:10.463Z [info]: 🚀 Server is running on http://localhost:3000
2024-08-24T01:32:08.697Z [info]: Connected to database
2024-08-24T01:32:11.374Z [info]: Connected to database
2024-08-24T01:32:11.678Z [error]: Error loading route module auth.ts: TSError: ⨯ Unable to compile TypeScript:
[96msrc/services/auth.service.ts[0m:[93m15[0m:[93m7[0m - [91merror[0m[90m TS2322: [0mType '{ username: string; email: string; password: string; }' is not assignable to type '(Without<usersCreateInput, usersUncheckedCreateInput> & usersUncheckedCreateInput) | (Without<...> & usersCreateInput)'.
  Type '{ username: string; email: string; password: string; }' is not assignable to type 'Without<usersUncheckedCreateInput, usersCreateInput> & usersCreateInput'.
    Property 'image_profile' is missing in type '{ username: string; email: string; password: string; }' but required in type 'usersCreateInput'.

[7m15[0m       data: { username, email, password },
[7m  [0m [91m      ~~~~[0m

  [96mnode_modules/.prisma/client/index.d.ts[0m:[93m1912[0m:[93m5[0m
    [7m1912[0m     image_profile: string
    [7m    [0m [96m    ~~~~~~~~~~~~~[0m
    'image_profile' is declared here.
  [96mnode_modules/.prisma/client/index.d.ts[0m:[93m1662[0m:[93m5[0m
    [7m1662[0m     data: XOR<usersCreateInput, usersUncheckedCreateInput>
    [7m    [0m [96m    ~~~~[0m
    The expected type comes from property 'data' which is declared here on type '{ select?: usersSelect<DefaultArgs> | null | undefined; data: (Without<usersCreateInput, usersUncheckedCreateInput> & usersUncheckedCreateInput) | (Without<...> & usersCreateInput); }'

2024-08-24T01:32:11.685Z [info]: 🚀 Server is running on http://localhost:3000
2024-08-24T01:34:30.970Z [info]: Connected to database
2024-08-24T01:34:31.287Z [error]: Error loading route module auth.ts: TSError: ⨯ Unable to compile TypeScript:
[96msrc/controllers/auth.ts[0m:[93m44[0m:[93m4[0m - [91merror[0m[90m TS1005: [0m')' expected.

[7m44[0m   };
[7m  [0m [91m   ~[0m
[96msrc/controllers/auth.ts[0m:[93m46[0m:[93m3[0m - [91merror[0m[90m TS1128: [0mDeclaration or statement expected.

[7m46[0m   public loginUser = async (
[7m  [0m [91m  ~~~~~~[0m

2024-08-24T01:34:31.293Z [info]: 🚀 Server is running on http://localhost:3000
2024-08-24T01:35:04.251Z [info]: Connected to database
2024-08-24T01:35:04.574Z [error]: Error loading route module auth.ts: TSError: ⨯ Unable to compile TypeScript:
[96msrc/controllers/auth.ts[0m:[93m36[0m:[93m11[0m - [91merror[0m[90m TS2554: [0mExpected 3 arguments, but got 4.

[7m36[0m           imagePath
[7m  [0m [91m          ~~~~~~~~~[0m

2024-08-24T01:35:04.581Z [info]: 🚀 Server is running on http://localhost:3000
2024-08-24T01:35:29.916Z [info]: Connected to database
2024-08-24T01:35:30.591Z [error]: Error loading route module auth.ts: TSError: ⨯ Unable to compile TypeScript:
[96msrc/controllers/auth.ts[0m:[93m36[0m:[93m11[0m - [91merror[0m[90m TS2345: [0mArgument of type 'string | undefined' is not assignable to parameter of type 'string'.
  Type 'undefined' is not assignable to type 'string'.

[7m36[0m           imagePath
[7m  [0m [91m          ~~~~~~~~~[0m

2024-08-24T01:35:30.614Z [info]: 🚀 Server is running on http://localhost:3000
2024-08-24T01:35:34.926Z [info]: Connected to database
2024-08-24T01:35:35.260Z [error]: Error loading route module auth.ts: TSError: ⨯ Unable to compile TypeScript:
[96msrc/controllers/auth.ts[0m:[93m36[0m:[93m11[0m - [91merror[0m[90m TS2345: [0mArgument of type 'string | undefined' is not assignable to parameter of type 'string'.
  Type 'undefined' is not assignable to type 'string'.

[7m36[0m           imagePath
[7m  [0m [91m          ~~~~~~~~~[0m

2024-08-24T01:35:35.266Z [info]: 🚀 Server is running on http://localhost:3000
2024-08-24T01:36:13.863Z [info]: Connected to database
2024-08-24T01:36:14.173Z [error]: Error loading route module auth.ts: TSError: ⨯ Unable to compile TypeScript:
[96msrc/controllers/auth.ts[0m:[93m36[0m:[93m11[0m - [91merror[0m[90m TS2345: [0mArgument of type 'string | undefined' is not assignable to parameter of type 'string'.
  Type 'undefined' is not assignable to type 'string'.

[7m36[0m           imagePath
[7m  [0m [91m          ~~~~~~~~~[0m

2024-08-24T01:36:14.178Z [info]: 🚀 Server is running on http://localhost:3000
2024-08-24T01:36:25.814Z [info]: Connected to database
2024-08-24T01:36:26.128Z [error]: Error loading route module auth.ts: TSError: ⨯ Unable to compile TypeScript:
[96msrc/controllers/auth.ts[0m:[93m23[0m:[93m27[0m - [91merror[0m[90m TS18048: [0m'req.file' is possibly 'undefined'.

[7m23[0m         const imagePath = req.file.path;
[7m  [0m [91m                          ~~~~~~~~[0m

2024-08-24T01:36:26.135Z [info]: 🚀 Server is running on http://localhost:3000
2024-08-24T01:36:31.697Z [info]: Connected to database
2024-08-24T01:36:32.027Z [error]: Error loading route module auth.ts: TSError: ⨯ Unable to compile TypeScript:
[96msrc/controllers/auth.ts[0m:[93m36[0m:[93m11[0m - [91merror[0m[90m TS2345: [0mArgument of type 'string | undefined' is not assignable to parameter of type 'string'.
  Type 'undefined' is not assignable to type 'string'.

[7m36[0m           imagePath
[7m  [0m [91m          ~~~~~~~~~[0m

2024-08-24T01:36:32.034Z [info]: 🚀 Server is running on http://localhost:3000
2024-08-24T01:36:46.743Z [info]: Connected to database
2024-08-24T01:36:47.087Z [error]: Error loading route module auth.ts: TSError: ⨯ Unable to compile TypeScript:
[96msrc/services/auth.service.ts[0m:[93m20[0m:[93m42[0m - [91merror[0m[90m TS2322: [0mType 'string | undefined' is not assignable to type 'string'.
  Type 'undefined' is not assignable to type 'string'.

[7m20[0m       data: { username, email, password, image_profile: imagePath },
[7m  [0m [91m                                         ~~~~~~~~~~~~~[0m

  [96mnode_modules/.prisma/client/index.d.ts[0m:[93m1922[0m:[93m5[0m
    [7m1922[0m     image_profile: string
    [7m    [0m [96m    ~~~~~~~~~~~~~[0m
    The expected type comes from property 'image_profile' which is declared here on type '(Without<usersCreateInput, usersUncheckedCreateInput> & usersUncheckedCreateInput) | (Without<...> & usersCreateInput)'

2024-08-24T01:36:47.093Z [info]: 🚀 Server is running on http://localhost:3000
2024-08-24T01:36:51.923Z [info]: Connected to database
2024-08-24T01:36:52.233Z [error]: Error loading route module auth.ts: TSError: ⨯ Unable to compile TypeScript:
[96msrc/controllers/auth.ts[0m:[93m36[0m:[93m11[0m - [91merror[0m[90m TS2345: [0mArgument of type 'string | undefined' is not assignable to parameter of type 'string'.
  Type 'undefined' is not assignable to type 'string'.

[7m36[0m           imagePath
[7m  [0m [91m          ~~~~~~~~~[0m

2024-08-24T01:36:52.238Z [info]: 🚀 Server is running on http://localhost:3000
2024-08-24T01:37:44.970Z [info]: Connected to database
2024-08-24T01:37:45.436Z [info]: 🚀 Server is running on http://localhost:3000
2024-08-24T01:50:43.426Z [info]: Connected to database
2024-08-24T01:50:43.934Z [info]: 🚀 Server is running on http://localhost:3000
2024-08-24T01:50:47.393Z [info]: Connected to database
2024-08-24T01:50:47.866Z [info]: 🚀 Server is running on http://localhost:3000
